Using pre-set license
Built from '2021.3/staging' branch; Version is '2021.3.21f1 (1b156197d683) revision 1774945'; Using compiler version '192829333'; Build Type 'Release'
OS: 'Windows 11  (10.0.22621) 64bit Professional' Language: 'en' Physical Memory: 16311 MB
BatchMode: 1, IsHumanControllingUs: 0, StartBugReporterOnCrash: 0, Is64bit: 1, IsPro: 1

COMMAND LINE ARGUMENTS:
F:\unityeditor\2021.3.8f1\2021.3.21f1\Editor\Unity.exe
-adb2
-batchMode
-noUpm
-name
AssetImportWorker2
-projectPath
D:/github/holding-final
-logFile
Logs/AssetImportWorker2.log
-srvPort
58726
Successfully changed project path to: D:/github/holding-final
D:/github/holding-final
[UnityMemory] Configuration Parameters - Can be set up in boot.config
    "memorysetup-bucket-allocator-granularity=16"
    "memorysetup-bucket-allocator-bucket-count=8"
    "memorysetup-bucket-allocator-block-size=33554432"
    "memorysetup-bucket-allocator-block-count=8"
    "memorysetup-main-allocator-block-size=16777216"
    "memorysetup-thread-allocator-block-size=16777216"
    "memorysetup-gfx-main-allocator-block-size=16777216"
    "memorysetup-gfx-thread-allocator-block-size=16777216"
    "memorysetup-cache-allocator-block-size=4194304"
    "memorysetup-typetree-allocator-block-size=2097152"
    "memorysetup-profiler-bucket-allocator-granularity=16"
    "memorysetup-profiler-bucket-allocator-bucket-count=8"
    "memorysetup-profiler-bucket-allocator-block-size=33554432"
    "memorysetup-profiler-bucket-allocator-block-count=8"
    "memorysetup-profiler-allocator-block-size=16777216"
    "memorysetup-profiler-editor-allocator-block-size=1048576"
    "memorysetup-temp-allocator-size-main=16777216"
    "memorysetup-job-temp-allocator-block-size=2097152"
    "memorysetup-job-temp-allocator-block-size-background=1048576"
    "memorysetup-job-temp-allocator-reduction-small-platforms=262144"
    "memorysetup-temp-allocator-size-background-worker=32768"
    "memorysetup-temp-allocator-size-job-worker=262144"
    "memorysetup-temp-allocator-size-preload-manager=33554432"
    "memorysetup-temp-allocator-size-nav-mesh-worker=65536"
    "memorysetup-temp-allocator-size-audio-worker=65536"
    "memorysetup-temp-allocator-size-cloud-worker=32768"
    "memorysetup-temp-allocator-size-gi-baking-worker=262144"
    "memorysetup-temp-allocator-size-gfx=262144"
Player connection [25220] Host "[IP] 192.168.1.6 [Port] 0 [Flags] 2 [Guid] 1233798015 [EditorId] 1233798015 [Version] 1048832 [Id] WindowsEditor(7,EZ4RIVAL) [Debug] 1 [PackageName] WindowsEditor [ProjectName] Editor" joined multi-casting on [225.0.0.222:54997]...

Player connection [25220] Host "[IP] 192.168.1.6 [Port] 0 [Flags] 2 [Guid] 1233798015 [EditorId] 1233798015 [Version] 1048832 [Id] WindowsEditor(7,EZ4RIVAL) [Debug] 1 [PackageName] WindowsEditor [ProjectName] Editor" joined alternative multi-casting on [225.0.0.222:34997]...

Refreshing native plugins compatible for Editor in 70.47 ms, found 3 plugins.
Preloading 0 native plugins for Editor in 0.00 ms.
Initialize engine version: 2021.3.21f1 (1b156197d683)
[Subsystems] Discovering subsystems at path F:/unityeditor/2021.3.8f1/2021.3.21f1/Editor/Data/Resources/UnitySubsystems
[Subsystems] Discovering subsystems at path D:/github/holding-final/Assets
GfxDevice: creating device client; threaded=0; jobified=0
Direct3D:
    Version:  Direct3D 11.0 [level 11.1]
    Renderer: NVIDIA GeForce RTX 2060 (ID=0x1e89)
    Vendor:   NVIDIA
    VRAM:     5958 MB
    Driver:   31.0.15.3179
Initialize mono
Mono path[0] = 'F:/unityeditor/2021.3.8f1/2021.3.21f1/Editor/Data/Managed'
Mono path[1] = 'F:/unityeditor/2021.3.8f1/2021.3.21f1/Editor/Data/MonoBleedingEdge/lib/mono/unityjit-win32'
Mono config path = 'F:/unityeditor/2021.3.8f1/2021.3.21f1/Editor/Data/MonoBleedingEdge/etc'
Using monoOptions --debugger-agent=transport=dt_socket,embedding=1,server=y,suspend=n,address=127.0.0.1:56116
Begin MonoManager ReloadAssembly
Registering precompiled unity dll's ...
Register platform support module: F:/unityeditor/2021.3.8f1/2021.3.21f1/Editor/Data/PlaybackEngines/WindowsStandaloneSupport/UnityEditor.WindowsStandalone.Extensions.dll
Registered in 0.002983 seconds.
Native extension for WindowsStandalone target not found
Refreshing native plugins compatible for Editor in 61.92 ms, found 3 plugins.
Preloading 0 native plugins for Editor in 0.00 ms.
Mono: successfully reloaded assembly
- Completed reload, in  0.604 seconds
Domain Reload Profiling:
	ReloadAssembly (605ms)
		BeginReloadAssembly (83ms)
			ExecutionOrderSort (0ms)
			DisableScriptedObjects (0ms)
			BackupInstance (0ms)
			ReleaseScriptingObjects (0ms)
			CreateAndSetChildDomain (1ms)
		EndReloadAssembly (427ms)
			LoadAssemblies (81ms)
			RebuildTransferFunctionScriptingTraits (0ms)
			SetupTypeCache (102ms)
			ReleaseScriptCaches (0ms)
			RebuildScriptCaches (32ms)
			SetupLoadedEditorAssemblies (248ms)
				LogAssemblyErrors (0ms)
				InitializePlatformSupportModulesInManaged (6ms)
				SetLoadedEditorAssemblies (0ms)
				RefreshPlugins (62ms)
				BeforeProcessingInitializeOnLoad (1ms)
				ProcessInitializeOnLoadAttributes (129ms)
				ProcessInitializeOnLoadMethodAttributes (49ms)
				AfterProcessingInitializeOnLoad (0ms)
				EditorAssembliesLoaded (0ms)
			ExecutionOrderSort2 (0ms)
			AwakeInstancesAfterBackupRestoration (0ms)
Platform modules already initialized, skipping
Registering precompiled user dll's ...
Registered in 0.005435 seconds.
Begin MonoManager ReloadAssembly
Symbol file LoadedFromMemory doesn't match image D:\github\holding-final\Library\PackageCache\com.unity.visualscripting@1.8.0\Editor\VisualScripting.Core\Dependencies\YamlDotNet\Unity.VisualScripting.YamlDotNet.dll
Symbol file LoadedFromMemory doesn't match image D:\github\holding-final\Library\PackageCache\com.unity.visualscripting@1.8.0\Editor\VisualScripting.Core\Dependencies\DotNetZip\Unity.VisualScripting.IonicZip.dll
Native extension for WindowsStandalone target not found
Refreshing native plugins compatible for Editor in 0.91 ms, found 3 plugins.
Preloading 0 native plugins for Editor in 0.00 ms.
Mono: successfully reloaded assembly
- Completed reload, in  0.965 seconds
Domain Reload Profiling:
	ReloadAssembly (966ms)
		BeginReloadAssembly (119ms)
			ExecutionOrderSort (0ms)
			DisableScriptedObjects (5ms)
			BackupInstance (0ms)
			ReleaseScriptingObjects (0ms)
			CreateAndSetChildDomain (20ms)
		EndReloadAssembly (727ms)
			LoadAssemblies (88ms)
			RebuildTransferFunctionScriptingTraits (0ms)
			SetupTypeCache (237ms)
			ReleaseScriptCaches (1ms)
			RebuildScriptCaches (56ms)
			SetupLoadedEditorAssemblies (322ms)
				LogAssemblyErrors (0ms)
				InitializePlatformSupportModulesInManaged (6ms)
				SetLoadedEditorAssemblies (1ms)
				RefreshPlugins (1ms)
				BeforeProcessingInitializeOnLoad (77ms)
				ProcessInitializeOnLoadAttributes (214ms)
				ProcessInitializeOnLoadMethodAttributes (17ms)
				AfterProcessingInitializeOnLoad (5ms)
				EditorAssembliesLoaded (0ms)
			ExecutionOrderSort2 (0ms)
			AwakeInstancesAfterBackupRestoration (6ms)
Platform modules already initialized, skipping
========================================================================
Worker process is ready to serve import requests
Launched and connected shader compiler UnityShaderCompiler.exe after 0.07 seconds
Refreshing native plugins compatible for Editor in 1.04 ms, found 3 plugins.
Preloading 0 native plugins for Editor in 0.00 ms.
Unloading 2972 Unused Serialized files (Serialized files now loaded: 0)
Unloading 23 unused Assets / (56.5 KB). Loaded Objects now: 3438.
Memory consumption went from 106.2 MB to 106.2 MB.
Total: 3.793200 ms (FindLiveObjects: 0.625400 ms CreateObjectMapping: 0.126000 ms MarkObjects: 2.919400 ms  DeleteObjects: 0.120400 ms)

AssetImportParameters requested are different than current active one (requested -> active):
  custom:video-decoder-ogg-theora: a1e56fd34408186e4bbccfd4996cb3dc -> 
  custom:container-muxer-webm: aa71ff27fc2769a1b78a27578f13a17b -> 
  custom:container-demuxer-webm: 4f35f7cbe854078d1ac9338744f61a02 -> 
  custom:video-encoder-webm-vp8: eb34c28f22e8b96e1ab97ce403110664 -> 
  custom:audio-encoder-webm-vorbis: bf7c407c2cedff20999df2af8eb42d56 -> 
  custom:framework-win-MediaFoundation: 216162199b28c13a410421893ffa2e32 -> 
  custom:container-demuxer-ogg: 62fdf1f143b41e24485cea50d1cbac27 -> 
  custom:video-decoder-webm-vp8: 9c59270c3fd7afecdb556c50c9e8de78 -> 
  custom:audio-decoder-ogg-vorbis: bf7c407c2cedff20999df2af8eb42d56 -> 
========================================================================
Received Import Request.
  Time since last request: 180103.822120 seconds.
  path: Assets/spike_lambert1_BaseColornew.png
  artifactKey: Guid(222964cf2e39c78419958d74e4a9965c) Importer(815301076,1909f56bfc062723c751e8b465ee728b)
Start importing Assets/spike_lambert1_BaseColornew.png using Guid(222964cf2e39c78419958d74e4a9965c) Importer(815301076,1909f56bfc062723c751e8b465ee728b)  -> (artifact id: '390f337f30ea4f93f34d009e918a4a27') in 0.128151 seconds 
========================================================================
Received Import Request.
  Time since last request: 0.000034 seconds.
  path: Assets/Health.prefab
  artifactKey: Guid(2794b3d5844df854f8d912c6c32fe202) Importer(815301076,1909f56bfc062723c751e8b465ee728b)
Start importing Assets/Health.prefab using Guid(2794b3d5844df854f8d912c6c32fe202) Importer(815301076,1909f56bfc062723c751e8b465ee728b)  -> (artifact id: 'd2e2419b175fbe7f5c4c69324266bbab') in 0.106919 seconds 
========================================================================
Received Import Request.
  Time since last request: 0.000027 seconds.
  path: Assets/Hex11.prefab
  artifactKey: Guid(140cb2496ccfa9d4ebbb71ef6843cdc4) Importer(815301076,1909f56bfc062723c751e8b465ee728b)
Start importing Assets/Hex11.prefab using Guid(140cb2496ccfa9d4ebbb71ef6843cdc4) Importer(815301076,1909f56bfc062723c751e8b465ee728b) UnityException: get_isPlaying is not allowed to be called from a MonoBehaviour constructor (or instance field initializer), call it in Awake or Start instead. Called from MonoBehaviour 'Cell'.
See "Script Serialization" page in the Unity Manual for further details.
  at (wrapper managed-to-native) UnityEngine.Application.get_isPlaying()
  at DG.Tweening.DOTween.InitCheck () [0x00000] in D:\DG\_Develop\__UNITY3_CLASSES\_Holoville\__DOTween\_DOTween.Assembly\DOTween\DOTween.cs:1128 
  at DG.Tweening.DOTween.Sequence () [0x00000] in D:\DG\_Develop\__UNITY3_CLASSES\_Holoville\__DOTween\_DOTween.Assembly\DOTween\DOTween.cs:732 
  at Cell..ctor () [0x00000] in D:\github\holding-final\Assets\Scripts\Cell.cs:15 

(Filename: D:/DG/_Develop/__UNITY3_CLASSES/_Holoville/__DOTween/_DOTween.Assembly/DOTween/DOTween.cs Line: 1128)

UnityException: get_isPlaying is not allowed to be called from a MonoBehaviour constructor (or instance field initializer), call it in Awake or Start instead. Called from MonoBehaviour 'Cell'.
See "Script Serialization" page in the Unity Manual for further details.
  at (wrapper managed-to-native) UnityEngine.Application.get_isPlaying()
  at DG.Tweening.DOTween.InitCheck () [0x00000] in D:\DG\_Develop\__UNITY3_CLASSES\_Holoville\__DOTween\_DOTween.Assembly\DOTween\DOTween.cs:1128 
  at DG.Tweening.DOTween.Sequence () [0x00000] in D:\DG\_Develop\__UNITY3_CLASSES\_Holoville\__DOTween\_DOTween.Assembly\DOTween\DOTween.cs:732 
  at Cell..ctor () [0x00000] in D:\github\holding-final\Assets\Scripts\Cell.cs:15 
UnityEditor.EditorUtility:Internal_InstantiateRemoveAllNonAnimationComponentsSingle_Injected(Object, Vector3&, Quaternion&)
UnityEditor.EditorUtility:Internal_InstantiateRemoveAllNonAnimationComponentsSingle(Object, Vector3, Quaternion)
UnityEditor.EditorUtility:InstantiateRemoveAllNonAnimationComponents(Object, Vector3, Quaternion)
UnityEditor.EditorUtility:InstantiateForAnimatorPreview(Object)
UnityEditor.PreviewData:UpdateGameObject(Object)
UnityEditor.PreviewData:.ctor(Object)
UnityEditor.GameObjectInspector:GetPreviewData()
UnityEditor.GameObjectInspector:RenderStaticPreview(String, Object[], Int32, Int32)
UnityEditor.AssetPreviewUpdater:CreatePreview(Object, Object[], String, Int32, Int32)
UnityEditor.AssetPreviewUpdater:CreatePreviewForAsset(Object, Object[], String)

(Filename: D:/DG/_Develop/__UNITY3_CLASSES/_Holoville/__DOTween/_DOTween.Assembly/DOTween/DOTween.cs Line: 1128)

 -> (artifact id: 'ddb73db0e165075a61c4d99ef7a689f0') in 0.266953 seconds 
========================================================================
Received Import Request.
  Time since last request: 0.000035 seconds.
  path: Assets/tiles crack size1.fbx
  artifactKey: Guid(07a23e6cdaabe354bb97344d742b4422) Importer(815301076,1909f56bfc062723c751e8b465ee728b)
Start importing Assets/tiles crack size1.fbx using Guid(07a23e6cdaabe354bb97344d742b4422) Importer(815301076,1909f56bfc062723c751e8b465ee728b)  -> (artifact id: 'e93613c3b34e66d10e1c4f7aecda4297') in 0.455310 seconds 
========================================================================
Received Import Request.
  Time since last request: 3.074432 seconds.
  path: Assets/Scenes/Menu.unity
  artifactKey: Guid(9f27e56ab7366c1428ba0c44f58fa465) Importer(815301076,1909f56bfc062723c751e8b465ee728b)
Start importing Assets/Scenes/Menu.unity using Guid(9f27e56ab7366c1428ba0c44f58fa465) Importer(815301076,1909f56bfc062723c751e8b465ee728b)  -> (artifact id: 'cd4fe27995a8e1dbb47620dcd9ff6332') in 0.002128 seconds 
========================================================================
Received Import Request.
  Time since last request: 0.470146 seconds.
  path: Assets/Scenes/SampleScene.unity
  artifactKey: Guid(9fc0d4010bbf28b4594072e72b8655ab) Importer(815301076,1909f56bfc062723c751e8b465ee728b)
Start importing Assets/Scenes/SampleScene.unity using Guid(9fc0d4010bbf28b4594072e72b8655ab) Importer(815301076,1909f56bfc062723c751e8b465ee728b)  -> (artifact id: 'a5a0fb19977478e16ab7cb35d049d624') in 0.002565 seconds 
